2018-09-27 11:40:53 - calculateur à tester bien initialisé
2018-09-27 11:40:53 - 5*6=30
2018-09-27 11:40:53 - calculateur à tester bien initialisé
2018-09-27 11:40:53 - 5+6=11
2018-09-27 11:42:02 - calculateur à tester bien initialisé
2018-09-27 11:42:02 - 5*6=30
2018-09-27 11:42:02 - calculateur à tester bien initialisé
2018-09-27 11:42:02 - 5+6=11
2018-09-27 11:42:35 - calculateur à tester bien initialisé
2018-09-27 11:42:35 - 5*6=30
2018-09-27 11:42:35 - calculateur à tester bien initialisé
2018-09-27 11:42:35 - 5+6=11
2018-09-27 11:43:01 - calculateur à tester bien initialisé
2018-09-27 11:43:01 - 5*6=30
2018-09-27 11:43:01 - calculateur à tester bien initialisé
2018-09-27 11:43:01 - 5+6=11
2018-09-27 11:43:41 - calculateur à tester bien initialisé
2018-09-27 11:43:41 - calculateur à tester bien initialisé
2018-09-27 11:49:37 - calculateur à tester bien initialisé
2018-09-27 11:49:37 - 5*6=30
2018-09-27 11:49:37 - calculateur à tester bien initialisé
2018-09-27 11:49:37 - 5+6=11
2018-09-27 15:02:14 - p=Personne(numero=2, prenom=alain, nom=Therieur, email=at@gmail.com)
2018-09-27 15:03:17 - p=Personne(numero=2, prenom=alain, nom=Therieur, email=at@gmail.com)
2018-09-27 16:02:50 - commentaire=valeur qui va bien
2018-09-27 16:02:50 - p=Personne(numero=2, prenom=alain, nom=Therieur, email=at@gmail.com)
2018-09-27 16:34:36 - commentaire=valeur qui va bien
2018-09-27 16:34:36 - p=Personne(numero=2, prenom=alain, nom=Therieur, email=at@gmail.com)
2018-09-27 17:00:11 - commentaire=valeur qui va bien
2018-09-27 17:00:11 - p=Personne(numero=2, prenom=alain, nom=Therieur, email=at@gmail.com)
2018-09-27 17:01:23 - p=Personne(numero=2, prenom=alain, nom=Therieur, email=at@gmail.com)
